<?xml version="1.0" encoding="UTF-8"?>
<coverage generated="1655144470259" clover="3.2.0">
  <project timestamp="1655144470260" name="All files">
    <metrics statements="11" coveredstatements="11" conditionals="10" coveredconditionals="9" methods="1" coveredmethods="1" elements="22" coveredelements="21" complexity="0" loc="11" ncloc="11" packages="1" files="1" classes="1"/>
    <file name="initial.js" path="/Users/joshpattison/Desktop/schoolOfCode/projects/jpString/lib/initial.js">
      <metrics statements="11" coveredstatements="11" conditionals="10" coveredconditionals="9" methods="1" coveredmethods="1"/>
      <line num="1" count="1" type="stmt"/>
      <line num="2" count="43" type="cond" truecount="2" falsecount="0"/>
      <line num="3" count="1" type="stmt"/>
      <line num="6" count="42" type="stmt"/>
      <line num="8" count="42" type="cond" truecount="4" falsecount="0"/>
      <line num="9" count="14" type="cond" truecount="2" falsecount="0"/>
      <line num="10" count="7" type="stmt"/>
      <line num="12" count="7" type="cond" truecount="1" falsecount="1"/>
      <line num="13" count="7" type="stmt"/>
      <line num="17" count="28" type="stmt"/>
      <line num="20" count="1" type="stmt"/>
    </file>
  </project>
</coverage>
