{"/Users/joshpattison/Desktop/schoolOfCode/projects/jpString/lib/initial.js": {"path":"/Users/joshpattison/Desktop/schoolOfCode/projects/jpString/lib/initial.js","statementMap":{"0":{"start":{"line":1,"column":16},"end":{"line":18,"column":1}},"1":{"start":{"line":2,"column":2},"end":{"line":4,"column":3}},"2":{"start":{"line":3,"column":4},"end":{"line":3,"column":78}},"3":{"start":{"line":6,"column":17},"end":{"line":6,"column":48}},"4":{"start":{"line":8,"column":2},"end":{"line":15,"column":3}},"5":{"start":{"line":9,"column":4},"end":{"line":11,"column":5}},"6":{"start":{"line":10,"column":6},"end":{"line":10,"column":36}},"7":{"start":{"line":12,"column":4},"end":{"line":14,"column":5}},"8":{"start":{"line":13,"column":6},"end":{"line":13,"column":36}},"9":{"start":{"line":17,"column":2},"end":{"line":17,"column":18}},"10":{"start":{"line":20,"column":0},"end":{"line":20,"column":25}}},"fnMap":{"0":{"name":"(anonymous_0)","decl":{"start":{"line":1,"column":16},"end":{"line":1,"column":17}},"loc":{"start":{"line":1,"column":35},"end":{"line":18,"column":1}},"line":1}},"branchMap":{"0":{"loc":{"start":{"line":2,"column":2},"end":{"line":4,"column":3}},"type":"if","locations":[{"start":{"line":2,"column":2},"end":{"line":4,"column":3}},{"start":{},"end":{}}],"line":2},"1":{"loc":{"start":{"line":8,"column":2},"end":{"line":15,"column":3}},"type":"if","locations":[{"start":{"line":8,"column":2},"end":{"line":15,"column":3}},{"start":{},"end":{}}],"line":8},"2":{"loc":{"start":{"line":8,"column":6},"end":{"line":8,"column":43}},"type":"binary-expr","locations":[{"start":{"line":8,"column":6},"end":{"line":8,"column":22}},{"start":{"line":8,"column":26},"end":{"line":8,"column":43}}],"line":8},"3":{"loc":{"start":{"line":9,"column":4},"end":{"line":11,"column":5}},"type":"if","locations":[{"start":{"line":9,"column":4},"end":{"line":11,"column":5}},{"start":{},"end":{}}],"line":9},"4":{"loc":{"start":{"line":12,"column":4},"end":{"line":14,"column":5}},"type":"if","locations":[{"start":{"line":12,"column":4},"end":{"line":14,"column":5}},{"start":{},"end":{}}],"line":12}},"s":{"0":1,"1":43,"2":1,"3":42,"4":42,"5":14,"6":7,"7":7,"8":7,"9":28,"10":1},"f":{"0":43},"b":{"0":[1,42],"1":[14,28],"2":[42,35],"3":[7,7],"4":[7,0]},"_coverageSchema":"1a1c01bbd47fc00a2c39e90264f33305004495a9","hash":"7775bb643e08240a68553c3bf9bcc1a508c3f94a"}
}
